app/proguard/seeds.txt
com.bll.lnkwrite.ui.activity.book.BookcaseTypeListActivity
com.bll.lnkwrite.mvp.presenter.WalletPresenter$getXdList$1
com.bll.lnkwrite.widget.calender.SingleWeekView
com.bll.lnkwrite.utils.DP2PX
com.bll.lnkwrite.ui.activity.book.BookStoreActivity
com.bll.lnkwrite.utils.BitmapUtils
com.bll.lnkwrite.utils.FileBigDownManager$1
com.bll.lnkwrite.mvp.model.ItemList
com.bll.lnkwrite.mvp.model.teaching.HomeworkTypeList$HomeworkTypeBean
com.bll.lnkwrite.ui.activity.DateActivity
com.bll.lnkwrite.ui.activity.PermissionSettingActivity
com.bll.lnkwrite.mvp.presenter.PermissionSettingPresenter$onChangeAllow$1
com.bll.lnkwrite.mvp.model.Note
com.bll.lnkwrite.mvp.presenter.RelationPresenter
com.bll.lnkwrite.ui.fragment.BookcaseFragment
com.bll.lnkwrite.ui.activity.NotebookManagerActivity
com.bll.lnkwrite.widget.SpaceItemDeco
com.bll.lnkwrite.mvp.model.DiaryBean
com.bll.lnkwrite.widget.FlowRadioGroup
com.bll.lnkwrite.mvp.model.book.TextbookStore
com.bll.lnkwrite.mvp.presenter.FreeNotePresenter$getShareNotes$1
com.bll.lnkwrite.mvp.presenter.AppCenterPresenter
com.bll.lnkwrite.mvp.presenter.CloudPresenter
com.bll.lnkwrite.mvp.model.teaching.ExamList$ExamBean
com.bll.lnkwrite.ui.fragment.cloud.CloudScreenshotFragment
com.bll.lnkwrite.utils.FileImageUploadManager$UploadCallBack
com.bll.lnkwrite.ui.activity.CloudStorageActivity
com.bll.lnkwrite.utils.FileDownManager$1
com.bll.lnkwrite.mvp.presenter.WalletPresenter$transferQd$1
com.bll.lnkwrite.ui.fragment.ScreenShotFragment
com.bll.lnkwrite.mvp.model.CalenderList
com.bll.lnkwrite.ui.fragment.AppFragment
com.bll.lnkwrite.mvp.presenter.CalenderPresenter$buyApk$1
com.bll.lnkwrite.ui.activity.drawing.TextbookDetailsActivity
com.bll.lnkwrite.ui.activity.OperatingGuideActivity
com.bll.lnkwrite.dialog.FreeNoteFriendManageDialog$MyAdapter
com.bll.lnkwrite.ui.fragment.MainLeftFragment
com.bll.lnkwrite.ui.fragment.resource.AppDownloadFragment
com.bll.lnkwrite.ui.adapter.TopicTwoScoreAdapter$ChildAdapter
com.bll.lnkwrite.mvp.model.MessageList
com.bll.lnkwrite.mvp.presenter.AppCenterPresenter$getTypeList$1
com.bll.lnkwrite.widget.FlowLayoutManager
com.bll.lnkwrite.mvp.model.book.BookStore
com.bll.lnkwrite.mvp.model.WallpaperList
com.bll.lnkwrite.ui.adapter.TeacherHomeworkAdapter
com.bll.lnkwrite.mvp.model.AppList
com.bll.lnkwrite.mvp.model.SystemUpdateInfo
com.bll.lnkwrite.greendao.FreeNoteBeanDao
com.bll.lnkwrite.mvp.model.PaintingContentBean
com.bll.lnkwrite.mvp.presenter.LoginPresenter$login$1
com.bll.lnkwrite.mvp.model.MessageList$MessageBean
com.bll.lnkwrite.utils.zip.ZipManager$2
com.bll.lnkwrite.mvp.view.IContractView$IExamView
com.bll.lnkwrite.mvp.presenter.BookStorePresenter
com.bll.lnkwrite.ui.adapter.CalenderMyAdapter
com.bll.lnkwrite.dialog.CatalogDialog$CatalogAdapter
com.bll.lnkwrite.mvp.presenter.PermissionSettingPresenter$onDeleteTime$1
com.bll.lnkwrite.mvp.view.IContractView$ICloudUploadView
com.bll.lnkwrite.utils.FileImageUploadManager$upload$keyGen$1
com.bll.lnkwrite.ui.activity.ScreenshotManagerActivity
com.bll.lnkwrite.ui.adapter.DateAdapter
com.bll.lnkwrite.utils.ActivityManager$1
com.bll.lnkwrite.mvp.presenter.SchoolPresenter$getSchool$1
com.bll.lnkwrite.mvp.presenter.PermissionSettingPresenter$onEditTime$1
com.bll.lnkwrite.mvp.model.catalog.CatalogMsg
com.bll.lnkwrite.R$layout
com.bll.lnkwrite.mvp.model.catalog.CatalogChildBean
com.bll.lnkwrite.mvp.presenter.AccountInfoPresenter$editName$1
com.bll.lnkwrite.mvp.presenter.MessagePresenter$getList$1
com.bll.lnkwrite.ui.fragment.homework.HomeworkFragment
com.bll.lnkwrite.mvp.presenter.AppCenterPresenter$buyApk$1
com.bll.lnkwrite.mvp.presenter.MessagePresenter
com.bll.lnkwrite.mvp.presenter.FreeNotePresenter$unbindFriend$1
com.bll.lnkwrite.dialog.PopupFreeNoteShareList$MyAdapter
com.bll.lnkwrite.dialog.ScreenshotDetailsDialog$ScreenshotDetailsAdapter$ChildAdapter
com.bll.lnkwrite.greendao.TextbookBeanDao$Properties
com.bll.lnkwrite.dialog.BookcaseDetailsDialog$BookcaseDetailsAdapter
...
androidx.appcompat.app.AppCompatDelegateImpl: boolean updateForNightMode(int,boolean)
io.reactivex.internal.schedulers.ExecutorScheduler$DelayedRunnable: void run()
kotlin.sequences.SequencesKt___SequencesKt: double averageOfInt(kotlin.sequences.Sequence)
okio.internal.ByteStringKt: boolean commonEndsWith(okio.ByteString,byte[])
androidx.appcompat.widget.AlertDialogLayout: void setChildFrame(android.view.View,int,int,int,int)
androidx.recyclerview.widget.StaggeredGridLayoutManager$1: StaggeredGridLayoutManager$1(androidx.recyclerview.widget.StaggeredGridLayoutManager)
androidx.appcompat.widget.ToolbarWidgetWrapper: void setNavigationContentDescription(int)
com.google.gson.internal.Excluder: boolean excludeField(java.lang.reflect.Field,boolean)
android.support.v4.media.session.MediaControllerCompatApi24$TransportControls: void prepare(java.lang.Object)
kotlin.random.Random$Default: byte[] nextBytes(byte[],int,int)
com.bumptech.glide.ListPreloader: ListPreloader(com.bumptech.glide.RequestManager,com.bumptech.glide.ListPreloader$PreloadModelProvider,com.bumptech.glide.ListPreloader$PreloadSizeProvider,int)
androidx.fragment.app.FragmentTransaction: void commitNow()
androidx.core.view.ViewCompat: android.content.res.ColorStateList getBackgroundTintList(android.view.View)
kotlin.sequences.SequencesKt___SequencesKt: java.util.Map associateWith(kotlin.sequences.Sequence,kotlin.jvm.functions.Function1)
com.google.android.material.textfield.IndicatorViewController: void setTypefaces(android.graphics.Typeface)
androidx.appcompat.app.ToolbarActionBar: void setHomeActionContentDescription(java.lang.CharSequence)
kotlin.collections.UArraySortingKt: void sortArray--nroSd4(long[],int,int)
androidx.appcompat.app.AppCompatActivity: void onCreateSupportNavigateUpTaskStack(androidx.core.app.TaskStackBuilder)
org.conscrypt.ConscryptEngineSocket$2: void checkServerTrusted(java.security.cert.X509Certificate[],java.lang.String)
kotlin.collections.ArraysKt___ArraysKt: java.util.List slice(double[],kotlin.ranges.IntRange)
androidx.transition.Scene: boolean isCreatedFromLayoutResource()
org.conscrypt.ConscryptEngineSocket: void setEnabledProtocols(java.lang.String[])
androidx.appcompat.widget.SwitchCompat: void setSwitchTextAppearance(android.content.Context,int)
androidx.core.graphics.ColorKt: float getLuminance(int)
io.reactivex.internal.operators.completable.CompletableMerge$CompletableMergeSubscriber$MergeInnerObserver: void onError(java.lang.Throwable)
androidx.recyclerview.widget.DiffUtil$DiffResult: int convertOldPositionToNew(int)
androidx.appcompat.graphics.drawable.DrawableContainer$DrawableContainerState: void setExitFadeDuration(int)
okhttp3.OkHttpClient$Builder: void setDns$okhttp(okhttp3.Dns)
org.greenrobot.greendao.query.QueryBuilder: org.greenrobot.greendao.query.QueryBuilder preferLocalizedStringOrder()
okio.ByteString: okio.ByteString sha256()
kotlin.comparisons.ComparisonsKt__ComparisonsKt$thenComparator$1: ComparisonsKt__ComparisonsKt$thenComparator$1(java.util.Comparator,kotlin.jvm.functions.Function2)
androidx.core.widget.ContentLoadingProgressBar$2: ContentLoadingProgressBar$2(androidx.core.widget.ContentLoadingProgressBar)
okio.Buffer: okio.Buffer copyTo$default(okio.Buffer,java.io.OutputStream,long,long,int,java.lang.Object)
kotlin.text.StringsKt___StringsKt: kotlin.sequences.Sequence windowedSequence(java.lang.CharSequence,int,int,boolean)
androidx.appcompat.widget.ResourceManagerInternal$VdcInflateDelegate: android.graphics.drawable.Drawable createFromXmlInner(android.content.Context,org.xmlpull.v1.XmlPullParser,android.util.AttributeSet,android.content.res.Resources$Theme)
io.reactivex.internal.operators.observable.ObservableRetryWhen$RepeatWhenObserver: void onError(java.lang.Throwable)
com.qiniu.android.common.Config: void quick()
androidx.recyclerview.widget.RecyclerView: int computeVerticalScrollExtent()